# JRE version: OpenJDK Runtime Environment Temurin-21.0.10+7 (21.0.10+7) (build 21.0.10+7-LTS)
# Java VM: OpenJDK 64-Bit Server VM Temurin-21.0.10+7 (21.0.10+7-LTS, mixed mode, sharing, tiered, compressed oops, compressed class ptrs, parallel gc, windows-amd64)
GC Precious Log:
 CardTable entry size: 512
 CPUs: 4 total, 4 available
 Memory: 16039M
 Large Page Support: Disabled
 NUMA Support: Disabled
 Compressed Oops: Enabled (32-bit)
 Alignments: Space 512K, Generation 512K, Heap 2M
 Heap Min Capacity: 100M
 Heap Initial Capacity: 100M
 Heap Max Capacity: 2G
 Pre-touch: Disabled
 Parallel Workers: 4
Heap:
 PSYoungGen      total 5120K, used 3438K [0x00000000d5580000, 0x00000000d5d80000, 0x0000000100000000)
  eden space 4608K, 73% used [0x00000000d5580000,0x00000000d58cbac0,0x00000000d5a00000)
  from space 512K, 12% used [0x00000000d5d00000,0x00000000d5d10000,0x00000000d5d80000)
  to   space 512K, 0% used [0x00000000d5c80000,0x00000000d5c80000,0x00000000d5d00000)
 ParOldGen       total 698880K, used 698377K [0x0000000080000000, 0x00000000aaa80000, 0x00000000d5580000)
  object space 698880K, 99% used [0x0000000080000000,0x00000000aaa02498,0x00000000aaa80000)
 Metaspace       used 75307K, committed 76992K, reserved 1179648K
  class space    used 7895K, committed 8704K, reserved 1048576K
GC Heap History (20 events):
Event: 32676.923 GC heap before
{Heap before GC invocations=718 (full 3):
 PSYoungGen      total 5120K, used 4992K [0x00000000d5580000, 0x00000000d5f80000, 0x0000000100000000)
  eden space 4608K, 100% used [0x00000000d5580000,0x00000000d5a00000,0x00000000d5a00000)
  from space 512K, 75% used [0x00000000d5f00000,0x00000000d5f60000,0x00000000d5f80000)
  to   space 2048K, 0% used [0x00000000d5b80000,0x00000000d5b80000,0x00000000d5d80000)
 ParOldGen       total 688640K, used 688415K [0x0000000080000000, 0x00000000aa080000, 0x00000000d5580000)
  object space 688640K, 99% used [0x0000000080000000,0x00000000aa047e38,0x00000000aa080000)
 Metaspace       used 75143K, committed 76800K, reserved 1179648K
  class space    used 7894K, committed 8704K, reserved 1048576K
}
Event: 32676.926 GC heap after
{Heap after GC invocations=718 (full 3):
 PSYoungGen      total 6656K, used 272K [0x00000000d5580000, 0x00000000d5f80000, 0x0000000100000000)
  eden space 4608K, 0% used [0x00000000d5580000,0x00000000d5580000,0x00000000d5a00000)
  from space 2048K, 13% used [0x00000000d5b80000,0x00000000d5bc4010,0x00000000d5d80000)
  to   space 1024K, 0% used [0x00000000d5e80000,0x00000000d5e80000,0x00000000d5f80000)
 ParOldGen       total 688640K, used 688636K [0x0000000080000000, 0x00000000aa080000, 0x00000000d5580000)
  object space 688640K, 99% used [0x0000000080000000,0x00000000aa07f338,0x00000000aa080000)
 Metaspace       used 75143K, committed 76800K, reserved 1179648K
  class space    used 7894K, committed 8704K, reserved 1048576K
}
Event: 32991.517 GC heap before
{Heap before GC invocations=719 (full 3):
 PSYoungGen      total 6656K, used 4880K [0x00000000d5580000, 0x00000000d5f80000, 0x0000000100000000)
  eden space 4608K, 100% used [0x00000000d5580000,0x00000000d5a00000,0x00000000d5a00000)
  from space 2048K, 13% used [0x00000000d5b80000,0x00000000d5bc4010,0x00000000d5d80000)
  to   space 1024K, 0% used [0x00000000d5e80000,0x00000000d5e80000,0x00000000d5f80000)
 ParOldGen       total 688640K, used 688636K [0x0000000080000000, 0x00000000aa080000, 0x00000000d5580000)
  object space 688640K, 99% used [0x0000000080000000,0x00000000aa07f338,0x00000000aa080000)
 Metaspace       used 75144K, committed 76800K, reserved 1179648K
  class space    used 7894K, committed 8704K, reserved 1048576K
}
Event: 32991.524 GC heap after
{Heap after GC invocations=719 (full 3):
 PSYoungGen      total 5632K, used 1022K [0x00000000d5580000, 0x00000000d5f80000, 0x0000000100000000)
  eden space 4608K, 0% used [0x00000000d5580000,0x00000000d5580000,0x00000000d5a00000)
  from space 1024K, 99% used [0x00000000d5e80000,0x00000000d5f7f980,0x00000000d5f80000)
  to   space 1536K, 0% used [0x00000000d5c80000,0x00000000d5c80000,0x00000000d5e00000)
 ParOldGen       total 689152K, used 688684K [0x0000000080000000, 0x00000000aa100000, 0x00000000d5580000)
  object space 689152K, 99% used [0x0000000080000000,0x00000000aa08b338,0x00000000aa100000)
 Metaspace       used 75144K, committed 76800K, reserved 1179648K
  class space    used 7894K, committed 8704K, reserved 1048576K
}
Event: 32991.578 GC heap before
{Heap before GC invocations=720 (full 3):
 PSYoungGen      total 5632K, used 5630K [0x00000000d5580000, 0x00000000d5f80000, 0x0000000100000000)
  eden space 4608K, 100% used [0x00000000d5580000,0x00000000d5a00000,0x00000000d5a00000)
  from space 1024K, 99% used [0x00000000d5e80000,0x00000000d5f7f980,0x00000000d5f80000)
  to   space 1536K, 0% used [0x00000000d5c80000,0x00000000d5c80000,0x00000000d5e00000)
 ParOldGen       total 689152K, used 688684K [0x0000000080000000, 0x00000000aa100000, 0x00000000d5580000)
  object space 689152K, 99% used [0x0000000080000000,0x00000000aa08b338,0x00000000aa100000)
 Metaspace       used 75144K, committed 76800K, reserved 1179648K
  class space    used 7894K, committed 8704K, reserved 1048576K
}
Event: 32991.583 GC heap after
{Heap after GC invocations=720 (full 3):
 PSYoungGen      total 6144K, used 1536K [0x00000000d5580000, 0x00000000d6400000, 0x0000000100000000)
  eden space 4608K, 0% used [0x00000000d5580000,0x00000000d5580000,0x00000000d5a00000)
  from space 1536K, 100% used [0x00000000d5c80000,0x00000000d5e00000,0x00000000d5e00000)
  to   space 5120K, 0% used [0x00000000d5f00000,0x00000000d5f00000,0x00000000d6400000)
 ParOldGen       total 691712K, used 691455K [0x0000000080000000, 0x00000000aa380000, 0x00000000d5580000)
  object space 691712K, 99% used [0x0000000080000000,0x00000000aa33fc78,0x00000000aa380000)
 Metaspace       used 75144K, committed 76800K, reserved 1179648K
  class space    used 7894K, committed 8704K, reserved 1048576K
}
Event: 32991.704 GC heap before
{Heap before GC invocations=721 (full 3):
 PSYoungGen      total 6144K, used 6144K [0x00000000d5580000, 0x00000000d6400000, 0x0000000100000000)
  eden space 4608K, 100% used [0x00000000d5580000,0x00000000d5a00000,0x00000000d5a00000)
  from space 1536K, 100% used [0x00000000d5c80000,0x00000000d5e00000,0x00000000d5e00000)
  to   space 5120K, 0% used [0x00000000d5f00000,0x00000000d5f00000,0x00000000d6400000)
 ParOldGen       total 691712K, used 691455K [0x0000000080000000, 0x00000000aa380000, 0x00000000d5580000)
  object space 691712K, 99% used [0x0000000080000000,0x00000000aa33fc78,0x00000000aa380000)
 Metaspace       used 75156K, committed 76800K, reserved 1179648K
  class space    used 7894K, committed 8704K, reserved 1048576K
}
Event: 32991.712 GC heap after
{Heap after GC invocations=721 (full 3):
 PSYoungGen      total 5632K, used 672K [0x00000000d5580000, 0x00000000d6000000, 0x0000000100000000)
  eden space 4608K, 0% used [0x00000000d5580000,0x00000000d5580000,0x00000000d5a00000)
  from space 1024K, 65% used [0x00000000d5f00000,0x00000000d5fa8000,0x00000000d6000000)
  to   space 2048K, 0% used [0x00000000d5c00000,0x00000000d5c00000,0x00000000d5e00000)
 ParOldGen       total 693248K, used 692895K [0x0000000080000000, 0x00000000aa500000, 0x00000000d5580000)
  object space 693248K, 99% used [0x0000000080000000,0x00000000aa4a7c78,0x00000000aa500000)
 Metaspace       used 75156K, committed 76800K, reserved 1179648K
  class space    used 7894K, committed 8704K, reserved 1048576K
}
Event: 32995.726 GC heap before
{Heap before GC invocations=722 (full 3):
 PSYoungGen      total 5632K, used 5280K [0x00000000d5580000, 0x00000000d6000000, 0x0000000100000000)
  eden space 4608K, 100% used [0x00000000d5580000,0x00000000d5a00000,0x00000000d5a00000)
  from space 1024K, 65% used [0x00000000d5f00000,0x00000000d5fa8000,0x00000000d6000000)
  to   space 2048K, 0% used [0x00000000d5c00000,0x00000000d5c00000,0x00000000d5e00000)
 ParOldGen       total 693248K, used 692895K [0x0000000080000000, 0x00000000aa500000, 0x00000000d5580000)
  object space 693248K, 99% used [0x0000000080000000,0x00000000aa4a7c78,0x00000000aa500000)
 Metaspace       used 75216K, committed 76928K, reserved 1179648K
  class space    used 7894K, committed 8704K, reserved 1048576K
}
Event: 32995.733 GC heap after
{Heap after GC invocations=722 (full 3):
 PSYoungGen      total 6656K, used 128K [0x00000000d5580000, 0x00000000d5f80000, 0x0000000100000000)
  eden space 4608K, 0% used [0x00000000d5580000,0x00000000d5580000,0x00000000d5a00000)
  from space 2048K, 6% used [0x00000000d5c00000,0x00000000d5c20000,0x00000000d5e00000)
  to   space 1024K, 0% used [0x00000000d5e80000,0x00000000d5e80000,0x00000000d5f80000)
 ParOldGen       total 693760K, used 693446K [0x0000000080000000, 0x00000000aa580000, 0x00000000d5580000)
  object space 693760K, 99% used [0x0000000080000000,0x00000000aa531be8,0x00000000aa580000)
 Metaspace       used 75216K, committed 76928K, reserved 1179648K
  class space    used 7894K, committed 8704K, reserved 1048576K
}
Event: 33005.965 GC heap before
{Heap before GC invocations=723 (full 3):
 PSYoungGen      total 6656K, used 4736K [0x00000000d5580000, 0x00000000d5f80000, 0x0000000100000000)
  eden space 4608K, 100% used [0x00000000d5580000,0x00000000d5a00000,0x00000000d5a00000)
  from space 2048K, 6% used [0x00000000d5c00000,0x00000000d5c20000,0x00000000d5e00000)
  to   space 1024K, 0% used [0x00000000d5e80000,0x00000000d5e80000,0x00000000d5f80000)
 ParOldGen       total 693760K, used 693446K [0x0000000080000000, 0x00000000aa580000, 0x00000000d5580000)
  object space 693760K, 99% used [0x0000000080000000,0x00000000aa531be8,0x00000000aa580000)
 Metaspace       used 75262K, committed 76928K, reserved 1179648K
  class space    used 7895K, committed 8704K, reserved 1048576K
}
Event: 33005.969 GC heap after
{Heap after GC invocations=723 (full 3):
 PSYoungGen      total 5120K, used 96K [0x00000000d5580000, 0x00000000d5f00000, 0x0000000100000000)
  eden space 4608K, 0% used [0x00000000d5580000,0x00000000d5580000,0x00000000d5a00000)
  from space 512K, 18% used [0x00000000d5e80000,0x00000000d5e98000,0x00000000d5f00000)
  to   space 512K, 0% used [0x00000000d5e00000,0x00000000d5e00000,0x00000000d5e80000)
 ParOldGen       total 693760K, used 693470K [0x0000000080000000, 0x00000000aa580000, 0x00000000d5580000)
  object space 693760K, 99% used [0x0000000080000000,0x00000000aa537be8,0x00000000aa580000)
 Metaspace       used 75262K, committed 76928K, reserved 1179648K
  class space    used 7895K, committed 8704K, reserved 1048576K
}
Event: 33105.070 GC heap before
{Heap before GC invocations=724 (full 3):
 PSYoungGen      total 5120K, used 4704K [0x00000000d5580000, 0x00000000d5f00000, 0x0000000100000000)
  eden space 4608K, 100% used [0x00000000d5580000,0x00000000d5a00000,0x00000000d5a00000)
  from space 512K, 18% used [0x00000000d5e80000,0x00000000d5e98000,0x00000000d5f00000)
  to   space 512K, 0% used [0x00000000d5e00000,0x00000000d5e00000,0x00000000d5e80000)
 ParOldGen       total 693760K, used 693470K [0x0000000080000000, 0x00000000aa580000, 0x00000000d5580000)
  object space 693760K, 99% used [0x0000000080000000,0x00000000aa537be8,0x00000000aa580000)
 Metaspace       used 75274K, committed 76928K, reserved 1179648K
  class space    used 7895K, committed 8704K, reserved 1048576K
}
Event: 33105.073 GC heap after
{Heap after GC invocations=724 (full 3):
 PSYoungGen      total 5120K, used 510K [0x00000000d5580000, 0x00000000d5f00000, 0x0000000100000000)
  eden space 4608K, 0% used [0x00000000d5580000,0x00000000d5580000,0x00000000d5a00000)
  from space 512K, 99% used [0x00000000d5e00000,0x00000000d5e7f960,0x00000000d5e80000)
  to   space 512K, 0% used [0x00000000d5e80000,0x00000000d5e80000,0x00000000d5f00000)
 ParOldGen       total 693760K, used 693754K [0x0000000080000000, 0x00000000aa580000, 0x00000000d5580000)
  object space 693760K, 99% used [0x0000000080000000,0x00000000aa57ebc8,0x00000000aa580000)
 Metaspace       used 75274K, committed 76928K, reserved 1179648K
  class space    used 7895K, committed 8704K, reserved 1048576K
}
Event: 33105.094 GC heap before
{Heap before GC invocations=725 (full 3):
 PSYoungGen      total 5120K, used 5118K [0x00000000d5580000, 0x00000000d5f00000, 0x0000000100000000)
  eden space 4608K, 100% used [0x00000000d5580000,0x00000000d5a00000,0x00000000d5a00000)
  from space 512K, 99% used [0x00000000d5e00000,0x00000000d5e7f960,0x00000000d5e80000)
  to   space 512K, 0% used [0x00000000d5e80000,0x00000000d5e80000,0x00000000d5f00000)
 ParOldGen       total 693760K, used 693754K [0x0000000080000000, 0x00000000aa580000, 0x00000000d5580000)
  object space 693760K, 99% used [0x0000000080000000,0x00000000aa57ebc8,0x00000000aa580000)
 Metaspace       used 75274K, committed 76928K, reserved 1179648K
  class space    used 7895K, committed 8704K, reserved 1048576K
}
Event: 33105.102 GC heap after
{Heap after GC invocations=725 (full 3):
 PSYoungGen      total 5120K, used 512K [0x00000000d5580000, 0x00000000d6300000, 0x0000000100000000)
  eden space 4608K, 0% used [0x00000000d5580000,0x00000000d5580000,0x00000000d5a00000)
  from space 512K, 100% used [0x00000000d5e80000,0x00000000d5f00000,0x00000000d5f00000)
  to   space 4608K, 0% used [0x00000000d5a00000,0x00000000d5a00000,0x00000000d5e80000)
 ParOldGen       total 697344K, used 697201K [0x0000000080000000, 0x00000000aa900000, 0x00000000d5580000)
  object space 697344K, 99% used [0x0000000080000000,0x00000000aa8dc528,0x00000000aa900000)
 Metaspace       used 75274K, committed 76928K, reserved 1179648K
  class space    used 7895K, committed 8704K, reserved 1048576K
}
Event: 33105.131 GC heap before
{Heap before GC invocations=726 (full 3):
 PSYoungGen      total 5120K, used 5120K [0x00000000d5580000, 0x00000000d6300000, 0x0000000100000000)
  eden space 4608K, 100% used [0x00000000d5580000,0x00000000d5a00000,0x00000000d5a00000)
  from space 512K, 100% used [0x00000000d5e80000,0x00000000d5f00000,0x00000000d5f00000)
  to   space 4608K, 0% used [0x00000000d5a00000,0x00000000d5a00000,0x00000000d5e80000)
 ParOldGen       total 697344K, used 697201K [0x0000000080000000, 0x00000000aa900000, 0x00000000d5580000)
  object space 697344K, 99% used [0x0000000080000000,0x00000000aa8dc528,0x00000000aa900000)
 Metaspace       used 75284K, committed 76928K, reserved 1179648K
  class space    used 7895K, committed 8704K, reserved 1048576K
}
Event: 33105.135 GC heap after
{Heap after GC invocations=726 (full 3):
 PSYoungGen      total 5632K, used 736K [0x00000000d5580000, 0x00000000d5f00000, 0x0000000100000000)
  eden space 4608K, 0% used [0x00000000d5580000,0x00000000d5580000,0x00000000d5a00000)
  from space 1024K, 71% used [0x00000000d5a00000,0x00000000d5ab8000,0x00000000d5b00000)
  to   space 2048K, 0% used [0x00000000d5d00000,0x00000000d5d00000,0x00000000d5f00000)
 ParOldGen       total 697856K, used 697721K [0x0000000080000000, 0x00000000aa980000, 0x00000000d5580000)
  object space 697856K, 99% used [0x0000000080000000,0x00000000aa95e528,0x00000000aa980000)
 Metaspace       used 75284K, committed 76928K, reserved 1179648K
  class space    used 7895K, committed 8704K, reserved 1048576K
}
Event: 33163.081 GC heap before
{Heap before GC invocations=727 (full 3):
 PSYoungGen      total 5632K, used 5344K [0x00000000d5580000, 0x00000000d5f00000, 0x0000000100000000)
  eden space 4608K, 100% used [0x00000000d5580000,0x00000000d5a00000,0x00000000d5a00000)
  from space 1024K, 71% used [0x00000000d5a00000,0x00000000d5ab8000,0x00000000d5b00000)
  to   space 2048K, 0% used [0x00000000d5d00000,0x00000000d5d00000,0x00000000d5f00000)
 ParOldGen       total 697856K, used 697721K [0x0000000080000000, 0x00000000aa980000, 0x00000000d5580000)
  object space 697856K, 99% used [0x0000000080000000,0x00000000aa95e528,0x00000000aa980000)
 Metaspace       used 75285K, committed 76928K, reserved 1179648K
  class space    used 7895K, committed 8704K, reserved 1048576K
}
Event: 33163.127 GC heap after
{Heap after GC invocations=727 (full 3):
 PSYoungGen      total 5120K, used 64K [0x00000000d5580000, 0x00000000d5d80000, 0x0000000100000000)
  eden space 4608K, 0% used [0x00000000d5580000,0x00000000d5580000,0x00000000d5a00000)
  from space 512K, 12% used [0x00000000d5d00000,0x00000000d5d10000,0x00000000d5d80000)
  to   space 512K, 0% used [0x00000000d5c80000,0x00000000d5c80000,0x00000000d5d00000)
 ParOldGen       total 698880K, used 698377K [0x0000000080000000, 0x00000000aaa80000, 0x00000000d5580000)
  object space 698880K, 99% used [0x0000000080000000,0x00000000aaa02498,0x00000000aaa80000)
 Metaspace       used 75285K, committed 76928K, reserved 1179648K
  class space    used 7895K, committed 8704K, reserved 1048576K
}

